[debug] [2023-06-07T05:13:08.247Z] ----------------------------------------------------------------------
[debug] [2023-06-07T05:13:08.248Z] Command:       C:\Program Files\nodejs\node.exe C:\Users\Abhideep\AppData\Roaming\npm\node_modules\firebase-tools\lib\bin\firebase.js deploy
[debug] [2023-06-07T05:13:08.249Z] CLI Version:   12.3.0
[debug] [2023-06-07T05:13:08.249Z] Platform:      win32
[debug] [2023-06-07T05:13:08.249Z] Node Version:  v18.12.0
[debug] [2023-06-07T05:13:08.254Z] Time:          Wed Jun 07 2023 10:43:08 GMT+0530 (India Standard Time)
[debug] [2023-06-07T05:13:08.254Z] ----------------------------------------------------------------------
[debug] 
[debug] [2023-06-07T05:13:08.257Z] >>> [apiv2][query] GET https://firebase-public.firebaseio.com/cli.json [none]
[debug] [2023-06-07T05:13:08.339Z] > command requires scopes: ["email","openid","https://www.googleapis.com/auth/cloudplatformprojects.readonly","https://www.googleapis.com/auth/firebase","https://www.googleapis.com/auth/cloud-platform"]
[debug] [2023-06-07T05:13:08.339Z] > authorizing via signed-in user (abhideepchakravarty@gmail.com)
[debug] [2023-06-07T05:13:08.339Z] [iam] checking project eclatian-1566343892867 for permissions ["firebase.projects.get","firebasehosting.sites.update"]
[debug] [2023-06-07T05:13:08.340Z] > refreshing access token with scopes: []
[debug] [2023-06-07T05:13:08.341Z] >>> [apiv2][query] POST https://www.googleapis.com/oauth2/v3/token [none]
[debug] [2023-06-07T05:13:08.341Z] >>> [apiv2][body] POST https://www.googleapis.com/oauth2/v3/token [omitted]
[debug] [2023-06-07T05:13:08.557Z] <<< [apiv2][status] POST https://www.googleapis.com/oauth2/v3/token 200
[debug] [2023-06-07T05:13:08.558Z] <<< [apiv2][body] POST https://www.googleapis.com/oauth2/v3/token [omitted]
[debug] [2023-06-07T05:13:08.567Z] >>> [apiv2][query] POST https://cloudresourcemanager.googleapis.com/v1/projects/eclatian-1566343892867:testIamPermissions [none]
[debug] [2023-06-07T05:13:08.567Z] >>> [apiv2][(partial)header] POST https://cloudresourcemanager.googleapis.com/v1/projects/eclatian-1566343892867:testIamPermissions x-goog-quota-user=projects/eclatian-1566343892867
[debug] [2023-06-07T05:13:08.567Z] >>> [apiv2][body] POST https://cloudresourcemanager.googleapis.com/v1/projects/eclatian-1566343892867:testIamPermissions {"permissions":["firebase.projects.get","firebasehosting.sites.update"]}
[debug] [2023-06-07T05:13:08.963Z] <<< [apiv2][status] GET https://firebase-public.firebaseio.com/cli.json 200
[debug] [2023-06-07T05:13:08.963Z] <<< [apiv2][body] GET https://firebase-public.firebaseio.com/cli.json {"cloudBuildErrorAfter":1594252800000,"cloudBuildWarnAfter":1590019200000,"defaultNode10After":1594252800000,"minVersion":"3.0.5","node8DeploysDisabledAfter":1613390400000,"node8RuntimeDisabledAfter":1615809600000,"node8WarnAfter":1600128000000}
[debug] [2023-06-07T05:13:09.872Z] <<< [apiv2][status] POST https://cloudresourcemanager.googleapis.com/v1/projects/eclatian-1566343892867:testIamPermissions 200
[debug] [2023-06-07T05:13:09.872Z] <<< [apiv2][body] POST https://cloudresourcemanager.googleapis.com/v1/projects/eclatian-1566343892867:testIamPermissions {"permissions":["firebase.projects.get","firebasehosting.sites.update"]}
[debug] [2023-06-07T05:13:09.873Z] >>> [apiv2][query] GET https://firebase.googleapis.com/v1beta1/projects/eclatian-1566343892867 [none]
[debug] [2023-06-07T05:13:10.255Z] <<< [apiv2][status] GET https://firebase.googleapis.com/v1beta1/projects/eclatian-1566343892867 200
[debug] [2023-06-07T05:13:10.256Z] <<< [apiv2][body] GET https://firebase.googleapis.com/v1beta1/projects/eclatian-1566343892867 {"projectId":"eclatian-1566343892867","projectNumber":"210470486786","displayName":"Eclatian","name":"projects/eclatian-1566343892867","resources":{"hostingSite":"eclatian-1566343892867"},"state":"ACTIVE","etag":"1_7341625b-3f97-4491-9431-f14db36866a4"}
[info] 
[info] === Deploying to 'eclatian-1566343892867'...
[info] 
[info] i  deploying hosting 
[debug] [2023-06-07T05:13:10.261Z] >>> [apiv2][query] POST https://firebasehosting.googleapis.com/v1beta1/projects/-/sites/eclatian-1566343892867/versions [none]
[debug] [2023-06-07T05:13:10.261Z] >>> [apiv2][body] POST https://firebasehosting.googleapis.com/v1beta1/projects/-/sites/eclatian-1566343892867/versions {"status":"CREATED","labels":{"deployment-tool":"cli-firebase"}}
